Solid Edge Translation To 3MF
Date: Friday,August 01,2025 08:37PM
Output File: C:\Users\hasic\OneDrive\Meine Ablage\Projekte\Propeller\Druckteile\Zahnrad_sonne.3mf
Author: Unknown
Organization: Unknown
Source System: SOLID EDGE

Hardware:
Processor: Intel(R) Core(TM) i7-8550U CPU @ 1.80GHz
Operating System: Windows 10 Professional
Installed Memory: 7.86 GB

Software Information:
Parasolid Version: 35.0.149
PSBodyshop Version: 35.0.82
3MF Adapter Version:11.0.82
Solid Edge Version: 223.00.00.101 x64

3MF Export Options
Export Construction Solids:Off
Export Displayed Parts:Off
Enable Logging:On
AllowInvalid3mfObjects:Off
Export Flatten Assembly:On
Export Units:Millimeters
Export Tolerance Value:0.001000
Export Tolerance Type:Fine
Export Surface Plane Angle Value:0.523599
Export Author:Unknown
Export Description:Unknown
Export Organization:Unknown
Export Program Name:Unknown

Translation progress:
Phase 1 of 1 Translating Parasolid to foreign data types...
Translation process completed
Time required to translate:00 : 00 : 01
